<?xml version="1.0" encoding="utf-8"?><testsuites name="pytest tests"><testsuite name="pytest" errors="0" failures="0" skipped="0" tests="13" time="1.794" timestamp="2026-05-11T16:57:17.033126+00:00" hostname="agent-env-7d1ac202-8808-4950-ac95-2edd96b49e64"><testcase classname="backend.tests.test_morabangun_backend.TestLanding" name="test_landing_returns_200" time="0.214" /><testcase classname="backend.tests.test_morabangun_backend.TestLanding" name="test_landing_has_csrf_meta" time="0.000" /><testcase classname="backend.tests.test_morabangun_backend.TestLanding" name="test_landing_has_all_sections" time="0.000" /><testcase classname="backend.tests.test_morabangun_backend.TestLanding" name="test_landing_portfolio_testids" time="0.000" /><testcase classname="backend.tests.test_morabangun_backend.TestLanding" name="test_landing_contact_form_testids" time="0.000" /><testcase classname="backend.tests.test_morabangun_backend.TestLanding" name="test_landing_nav_and_hero_testids" time="0.000" /><testcase classname="backend.tests.test_morabangun_backend.TestLanding" name="test_landing_whatsapp_placeholder" time="0.000" /><testcase classname="backend.tests.test_morabangun_backend.TestLanding" name="test_landing_portfolio_live_links" time="0.000" /><testcase classname="backend.tests.test_morabangun_backend.TestContactPost" name="test_contact_validation_missing_required" time="0.103" /><testcase classname="backend.tests.test_morabangun_backend.TestContactPost" name="test_contact_validation_invalid_email" time="0.110" /><testcase classname="backend.tests.test_morabangun_backend.TestContactPost" name="test_contact_happy_path_and_log_persistence" time="0.446" /><testcase classname="backend.tests.test_morabangun_backend.TestContactPost" name="test_api_contact_alias_validation" time="0.218" /><testcase classname="backend.tests.test_morabangun_backend.TestContactPost" name="test_api_contact_alias_happy_path" time="0.392" /></testsuite></testsuites>